<?xml version="1.0" encoding="UTF-8"?>
<testsuite name="org.hson.test.TestController" tests="1" skipped="0" failures="0" errors="0" timestamp="2018-09-07T14:05:19" hostname="hsPro.local" time="0.133">
  <properties/>
  <testcase name="getHello" classname="org.hson.test.TestController" time="0.133"/>
  <system-out><![CDATA[09:05:11,986 |-INFO in ch.qos.logback.classic.LoggerContext[default] - Could NOT find resource [logback.groovy]
09:05:11,986 |-INFO in ch.qos.logback.classic.LoggerContext[default] - Could NOT find resource [logback-test.xml]
09:05:11,986 |-INFO in ch.qos.logback.classic.LoggerContext[default] - Found resource [logback.xml] at [file:/Users/User/java/codigo/personal/spring/boot/spring-boot-jpa/build/resources/main/logback.xml]
09:05:12,068 |-INFO in ch.qos.logback.classic.joran.action.ConfigurationAction - debug attribute not set
09:05:12,068 |-INFO in ch.qos.logback.core.joran.action.AppenderAction - About to instantiate appender of type [ch.qos.logback.core.ConsoleAppender]
09:05:12,076 |-INFO in ch.qos.logback.core.joran.action.AppenderAction - Naming appender as [STDOUT]
09:05:12,146 |-WARN in ch.qos.logback.core.ConsoleAppender[STDOUT] - This appender no longer admits a layout as a sub-component, set an encoder instead.
09:05:12,146 |-WARN in ch.qos.logback.core.ConsoleAppender[STDOUT] - To ensure compatibility, wrapping your layout in LayoutWrappingEncoder.
09:05:12,146 |-WARN in ch.qos.logback.core.ConsoleAppender[STDOUT] - See also http://logback.qos.ch/codes.html#layoutInsteadOfEncoder for details
09:05:12,147 |-INFO in ch.qos.logback.classic.joran.action.LoggerAction - Setting level of logger [org.hson] to DEBUG
09:05:12,147 |-INFO in ch.qos.logback.classic.joran.action.LoggerAction - Setting additivity of logger [org.hson] to false
09:05:12,147 |-INFO in ch.qos.logback.core.joran.action.AppenderRefAction - Attaching appender named [STDOUT] to Logger[org.hson]
09:05:12,148 |-INFO in ch.qos.logback.classic.joran.action.RootLoggerAction - Setting level of ROOT logger to ERROR
09:05:12,148 |-INFO in ch.qos.logback.core.joran.action.AppenderRefAction - Attaching appender named [STDOUT] to Logger[ROOT]
09:05:12,148 |-INFO in ch.qos.logback.classic.joran.action.ConfigurationAction - End of configuration.
09:05:12,149 |-INFO in ch.qos.logback.classic.joran.JoranConfigurator@51c4368f - Registering current configuration as safe fallback point


  .   ____          _            __ _ _
 /\\ / ___'_ __ _ _(_)_ __  __ _ \ \ \ \
( ( )\___ | '_ | '_| | '_ \/ _` | \ \ \ \
 \\/  ___)| |_)| | | | | || (_| |  ) ) ) )
  '  |____| .__|_| |_|_| |_\__, | / / / /
 =========|_|==============|___/=/_/_/_/
 :: Spring Boot ::        (v1.5.3.RELEASE)

2018-09-07 09:05:12 [Test worker] INFO  org.hson.test.TestController - Starting TestController on hsPro.local with PID 4850 (started by User in /Users/User/java/codigo/personal/spring/boot/spring-boot-jpa)
2018-09-07 09:05:12 [Test worker] DEBUG org.hson.test.TestController - Running with Spring Boot v1.5.3.RELEASE, Spring v4.3.8.RELEASE
2018-09-07 09:05:12 [Test worker] INFO  org.hson.test.TestController - No active profile set, falling back to default profiles: default
2018-09-07 09:05:19 [Test worker] INFO  org.hson.test.TestController - Started TestController in 7.14 seconds (JVM running for 8.401)
]]></system-out>
  <system-err><![CDATA[]]></system-err>
</testsuite>
